<?xml version="1.0" encoding="UTF-8"?>
<!-- Generated by org.testng.reporters.JUnitReportReporter -->
<testsuite name="Property" tests="1" time="0.065" ignored="0" failures="0" timestamp="03 Jun 2019 17:24:58 GMT" skipped="0" hostname="admin-PC" errors="0">
  <testcase name="login" time="0.065" classname="Property"/>
</testsuite> <!-- Property -->
