<?xml version="1.0" encoding="UTF-8"?>
<!-- Generated by org.testng.reporters.JUnitReportReporter -->
<testsuite name="Dataprovid" tests="3" time="0.017" ignored="0" failures="0" timestamp="03 Jun 2019 11:22:39 GMT" skipped="0" hostname="admin-PC" errors="0">
  <testcase name="Catch" time="0.002" classname="Dataprovid"/>
  <testcase name="Catch" time="0.013" classname="Dataprovid"/>
  <testcase name="Catch" time="0.002" classname="Dataprovid"/>
</testsuite> <!-- Dataprovid -->
